Levenshtein 		 Levenshtein Restringida 		 Levenshtein Intermedia 		 Levenshtein Con Trie 		 Levenshtein Restringida Con Trie 		 Levenshtein Intermedia Con Trie
0.03817195600000001 		 0.041656419000000056 		 0.038180582999999935 		 0.06540135299999994 		 0.06766541299999995 		 0.007443446999999992
0.004808346000000019 		 0.004902962999999927 		 0.004973404000000015 		 0.004000853000000082 		 0.004106278999999935 		 0.005063713999999941
0.0056796299999999356 		 0.005816425999999986 		 0.005942801999999969 		 0.0037154360000000164 		 0.004043521999999911 		 0.00505431700000003
0.005916963999999969 		 0.006070801999999986 		 0.006347231000000009 		 0.0037325390000000347 		 0.004128191000000059 		 0.005076097999999973
0.0059348880000000825 		 0.006161623000000005 		 0.006451537000000007 		 0.0037965679999999447 		 0.004174968000000057 		 0.005145807999999974
0.006012393000000005 		 0.0061046869999999975 		 0.006394069000000169 		 0.003697703000000052 		 0.004118112000000007 		 0.005046121999999986
----------------------------------------------------------
0.011720506999999936 		 0.011920021999999975 		 0.012072405999999924 		 0.021663328999999898 		 0.023801547000000145 		 0.029371521999999928
0.02453764699999983 		 0.025167619000000085 		 0.025805473999999995 		 0.021818590999999943 		 0.023805056000000047 		 0.029392339000000156
0.040694170000000085 		 0.04430062299999982 		 0.035405856999999985 		 0.02186486700000012 		 0.024021188999999943 		 0.029730515000000013
0.03797751799999993 		 0.039260213000000155 		 0.04048619100000006 		 0.022310341000000067 		 0.024009386999999993 		 0.029631116999999874
0.03931438499999995 		 0.04033254399999997 		 0.042036197999999914 		 0.022270306999999878 		 0.024355625999999964 		 0.02993896500000015
0.03981770799999995 		 0.04070783800000011 		 0.042282548999999836 		 0.022162733999999684 		 0.024261490999999857 		 0.030223107000000304
----------------------------------------------------------
0.021429351000000096 		 0.021379877000000214 		 0.022105628999999904 		 0.045994690000000116 		 0.05057039899999971 		 0.06247983999999995
0.045466509000000155 		 0.04627514499999963 		 0.04819563700000007 		 0.045419311999999934 		 0.05049985700000015 		 0.06194176099999993
0.0660953179999999 		     0.06808222499999994 		 0.07480633199999964 		 0.04520328700000009 		 0.049831391000000114 		 0.061905842999999905
0.08084271100000029 		 0.08242945600000029 		 0.08564702600000018 		 0.044911439000000275 		 0.0492557739999997 		 0.06109382200000013
0.08529004799999962 		 0.08789201700000016 		 0.09166522700000002 		 0.04574384899999995 		 0.049910283 		         0.06175707399999997
0.08578671900000012 		 0.08796063399999987 		 0.09070372999999998 		 0.04539296100000012 		 0.049919869000000006 		 0.061568191000000105
----------------------------------------------------------
0.14261562600000044 		 0.1436736879999998 		 0.14980026499999965 		 0.8720957909999996 		 0.9565796630000003 		 1.1836969169999998
0.41634623800000004 		 0.4342178299999997 		 0.437587173999999 		     0.8574190349999995 		 0.9371495020000005 		 1.17084543
0.8607923520000007 		     0.8980203660000008 		 0.9133601129999995 		 0.8615036210000007 		 0.9590678940000004 		 1.198881269000001
1.6406745220000012 		     1.6967287320000004 		 1.7556494459999996 		 0.8668034549999994 		 0.960500205999999 		     1.1788689920000017
2.2636399810000007 		     2.3382623079999973 		 2.449041052000002 		     0.8690803890000041 		 0.9560373310000045 		 1.196632001999994
2.293876282999996 		     2.3449558949999982 		 2.4400103740000034 		 0.8750448549999987 		 0.9631508169999989 		 1.1795512480000028
----------------------------------------------------------
0.1563334160000025 		     0.15755844999999624 		 0.16310827799999572 		 0.9919047910000032 		 1.089742110000003 		     1.3581106109999936
0.46604311800000175 		 0.47619320700000145 		 0.4962474720000003 		 1.0080398559999963 		 1.0914628140000033 		 1.3648538220000006
0.9567431930000012 		     0.9849097740000019 		 1.0239900860000049 		 0.9939746290000002 		 1.1050710789999982 		 1.3653399390000018
1.8742747539999982 		     1.9139231199999998 		 1.9730516489999985 		 0.9864311090000086 		 1.0885875150000004 		 1.3519124310000024
2.6305166390000068 		     2.701025907000002 		     2.8014683910000002 		 0.9915783109999978 		 1.0904836400000022 		 1.3710584509999961
2.6938417690000023 		     2.7312106400000005 		 2.8679793300000114 		 1.0046924849999925 		 1.1201364530000006 		 1.3722367900000023
----------------------------------------------------------
