Levenshtein 		 Levenshtein Restringida 		 Levenshtein Intermedia 		     Levenshtein Con Trie 		 Levenshtein Restringida Con Trie 		 Levenshtein Intermedia Con Trie
0.05868663899999993 		 0.06006307300000002 		 0.06131078999999995 		     0.06352830500000006 		 0.009534637000000012 		 0.005113527000000007
0.0052790080000000295 		 0.005403121000000066 		 0.0055677100000000035 		     0.0037712109999999965 		 0.004421079999999966 		 0.0050563109999999245
0.0059834489999999185 		 0.007378353999999976 		 0.009048185000000042 		     0.005565264999999986 		 0.006119523999999932 		 0.008852168999999965
0.008828343000000016 		 0.006308719000000074 		 0.006342291000000055 		     0.003829410000000033 		 0.004385050999999973 		 0.005171998000000011
0.006081062000000026 		 0.00619850200000005 		 0.006400771000000027 		     0.003872281000000033 		 0.004195737000000088 		 0.005219507000000068
0.006060683999999927 		 0.006298520999999946 		 0.006350647999999959 		     0.0039393969999999 		 0.00418029799999986 		 0.005418780999999928
----------------------------------------------------------
0.02484270199999994 		 0.025128143000000103 		 0.025841062000000026 		     0.022408006000000036 		 0.024290244000000127 		 0.030384348999999977
0.03508699999999987 		 0.03587797199999998 		 0.037059537999999836 		     0.02209512800000013 		 0.024050394000000086 		 0.03016227299999996
0.03946897599999999 		 0.04044936399999988 		 0.04140478599999997 		     0.02183906999999996 		 0.0238040719999999 		 0.02973025500000004
0.039845579999999936 		 0.040372486000000096 		 0.041768676000000005 		     0.022011712000000072 		 0.02404944199999992 		 0.029647466999999983
0.03922607 		             0.04070648399999999 		 0.042105149000000175 		     0.022219052000000072 		 0.02445687800000007 		 0.030265616999999967
0.0398542449999999 		     0.04104214100000014 		 0.04220535400000003 		     0.022240781000000265 		 0.02405466200000017 		 0.029881037
----------------------------------------------------------
0.0522337209999999 		     0.05397222099999999 		 0.05552804600000005 		     0.04615872799999998 		 0.05053938900000032 		 0.06283736100000015
0.07576273299999992 		 0.07746065899999977 		 0.08046239600000016 		     0.04605369899999978 		 0.049855197999999934 		 0.07070725599999994
0.08685618400000017 		 0.0893145070000001 		 0.09201123099999986 		     0.04654744700000002 		 0.050667883000000025 		 0.06308427299999986
0.08699419300000022 		 0.0940895180000001 		 0.0961204630000001 		     0.045791727999999754 		 0.05063849800000009 		 0.06256924699999988
0.09437260900000011 		 0.08840293399999988 		 0.09145808300000047 		     0.045799112000000086 		 0.05012743700000044 		 0.0627363790000004
0.08659644000000011 		 0.08805866900000048 		 0.09180523499999982 		     0.04588876399999986 		 0.050020087000000046 		 0.06235303099999978
----------------------------------------------------------
1.363828658 		         1.3935045330000007 		 1.4439250249999995 		     0.8762441439999993 		 0.9546546350000007 		 1.194909291
2.012492380000001 		     2.0613188960000013 		 2.147041729999998 		         0.8703853290000012 		 0.9552557889999989 		 1.1776402279999978
2.301726373000001 		     2.3580254939999996 		 2.487347100000001 		         0.9052390690000003 		 1.0012039809999997 		 1.2120110590000017
2.338382813999999 		     2.401931618000006 		     2.4989269530000016 		     0.8886167319999956 		 0.9597054999999983 		 1.2129610089999971
2.3276374709999956 		     2.399923290000004 		     2.4973428770000012 		     0.8821998359999981 		 0.9632789599999967 		 1.211020867000002
2.336323193999995 		     2.392551807000004 		     2.480199526 		             0.8789901310000019 		 0.9600528030000035 		 1.1940354850000006
----------------------------------------------------------
