[Distancia Levenshtein]                      -> Tiempo usando quijote_0_100.txt y threshold: 1:	0.0
[Distancia Levenshtein Restringida]          -> Tiempo usando quijote_0_100.txt y threshold: 1:	0.015625
[Distancia Levenshtein Intermedia]           -> Tiempo usando quijote_0_100.txt y threshold: 1:	0.0
[Distancia Levenshtein Con Trie]             -> Tiempo usando quijote_0_100.txt y threshold: 1:	0.0
[Distancia Levenshtein Restringida Con Trie] -> Tiempo usando quijote_0_100.txt y threshold: 1:	0.015625
[Distancia Levenshtein Intermedia Con Trie]  -> Tiempo usando quijote_0_100.txt y threshold: 1:	0.0
[Distancia Levenshtein]                      -> Tiempo usando quijote_0_100.txt y threshold: 2:	0.0
[Distancia Levenshtein Restringida]          -> Tiempo usando quijote_0_100.txt y threshold: 2:	0.015625
[Distancia Levenshtein Intermedia]           -> Tiempo usando quijote_0_100.txt y threshold: 2:	0.0
[Distancia Levenshtein Con Trie]             -> Tiempo usando quijote_0_100.txt y threshold: 2:	0.015625
[Distancia Levenshtein Restringida Con Trie] -> Tiempo usando quijote_0_100.txt y threshold: 2:	0.0
[Distancia Levenshtein Intermedia Con Trie]  -> Tiempo usando quijote_0_100.txt y threshold: 2:	0.0
[Distancia Levenshtein]                      -> Tiempo usando quijote_0_100.txt y threshold: 3:	0.015625
[Distancia Levenshtein Restringida]          -> Tiempo usando quijote_0_100.txt y threshold: 3:	0.0
[Distancia Levenshtein Intermedia]           -> Tiempo usando quijote_0_100.txt y threshold: 3:	0.015625
[Distancia Levenshtein Con Trie]             -> Tiempo usando quijote_0_100.txt y threshold: 3:	0.015625
[Distancia Levenshtein Restringida Con Trie] -> Tiempo usando quijote_0_100.txt y threshold: 3:	0.015625
[Distancia Levenshtein Intermedia Con Trie]  -> Tiempo usando quijote_0_100.txt y threshold: 3:	0.015625
[Distancia Levenshtein]                      -> Tiempo usando quijote_0_100.txt y threshold: 5:	0.015625
[Distancia Levenshtein Restringida]          -> Tiempo usando quijote_0_100.txt y threshold: 5:	0.015625
[Distancia Levenshtein Intermedia]           -> Tiempo usando quijote_0_100.txt y threshold: 5:	0.015625
[Distancia Levenshtein Con Trie]             -> Tiempo usando quijote_0_100.txt y threshold: 5:	0.0
[Distancia Levenshtein Restringida Con Trie] -> Tiempo usando quijote_0_100.txt y threshold: 5:	0.0
[Distancia Levenshtein Intermedia Con Trie]  -> Tiempo usando quijote_0_100.txt y threshold: 5:	0.015625
[Distancia Levenshtein]                      -> Tiempo usando quijote_0_100.txt y threshold: 10:	0.0
[Distancia Levenshtein Restringida]          -> Tiempo usando quijote_0_100.txt y threshold: 10:	0.015625
[Distancia Levenshtein Intermedia]           -> Tiempo usando quijote_0_100.txt y threshold: 10:	0.0
[Distancia Levenshtein Con Trie]             -> Tiempo usando quijote_0_100.txt y threshold: 10:	0.0
[Distancia Levenshtein Restringida Con Trie] -> Tiempo usando quijote_0_100.txt y threshold: 10:	0.015625
[Distancia Levenshtein Intermedia Con Trie]  -> Tiempo usando quijote_0_100.txt y threshold: 10:	0.0
[Distancia Levenshtein]                      -> Tiempo usando quijote_0_100.txt y threshold: 20:	0.0
[Distancia Levenshtein Restringida]          -> Tiempo usando quijote_0_100.txt y threshold: 20:	0.015625
[Distancia Levenshtein Intermedia]           -> Tiempo usando quijote_0_100.txt y threshold: 20:	0.0
[Distancia Levenshtein Con Trie]             -> Tiempo usando quijote_0_100.txt y threshold: 20:	0.0
[Distancia Levenshtein Restringida Con Trie] -> Tiempo usando quijote_0_100.txt y threshold: 20:	0.015625
[Distancia Levenshtein Intermedia Con Trie]  -> Tiempo usando quijote_0_100.txt y threshold: 20:	0.0
----------------------------------------------------------
[Distancia Levenshtein]                      -> Tiempo usando quijote_0_500.txt y threshold: 1:	0.015625
[Distancia Levenshtein Restringida]          -> Tiempo usando quijote_0_500.txt y threshold: 1:	0.015625
[Distancia Levenshtein Intermedia]           -> Tiempo usando quijote_0_500.txt y threshold: 1:	0.015625
[Distancia Levenshtein Con Trie]             -> Tiempo usando quijote_0_500.txt y threshold: 1:	0.015625
[Distancia Levenshtein Restringida Con Trie] -> Tiempo usando quijote_0_500.txt y threshold: 1:	0.03125
[Distancia Levenshtein Intermedia Con Trie]  -> Tiempo usando quijote_0_500.txt y threshold: 1:	0.03125
[Distancia Levenshtein]                      -> Tiempo usando quijote_0_500.txt y threshold: 2:	0.03125
[Distancia Levenshtein Restringida]          -> Tiempo usando quijote_0_500.txt y threshold: 2:	0.015625
[Distancia Levenshtein Intermedia]           -> Tiempo usando quijote_0_500.txt y threshold: 2:	0.03125
[Distancia Levenshtein Con Trie]             -> Tiempo usando quijote_0_500.txt y threshold: 2:	0.03125
[Distancia Levenshtein Restringida Con Trie] -> Tiempo usando quijote_0_500.txt y threshold: 2:	0.015625
[Distancia Levenshtein Intermedia Con Trie]  -> Tiempo usando quijote_0_500.txt y threshold: 2:	0.03125
[Distancia Levenshtein]                      -> Tiempo usando quijote_0_500.txt y threshold: 3:	0.046875
[Distancia Levenshtein Restringida]          -> Tiempo usando quijote_0_500.txt y threshold: 3:	0.03125
[Distancia Levenshtein Intermedia]           -> Tiempo usando quijote_0_500.txt y threshold: 3:	0.03125
[Distancia Levenshtein Con Trie]             -> Tiempo usando quijote_0_500.txt y threshold: 3:	0.03125
[Distancia Levenshtein Restringida Con Trie] -> Tiempo usando quijote_0_500.txt y threshold: 3:	0.015625
[Distancia Levenshtein Intermedia Con Trie]  -> Tiempo usando quijote_0_500.txt y threshold: 3:	0.046875
[Distancia Levenshtein]                      -> Tiempo usando quijote_0_500.txt y threshold: 5:	0.03125
[Distancia Levenshtein Restringida]          -> Tiempo usando quijote_0_500.txt y threshold: 5:	0.046875
[Distancia Levenshtein Intermedia]           -> Tiempo usando quijote_0_500.txt y threshold: 5:	0.046875
[Distancia Levenshtein Con Trie]             -> Tiempo usando quijote_0_500.txt y threshold: 5:	0.015625
[Distancia Levenshtein Restringida Con Trie] -> Tiempo usando quijote_0_500.txt y threshold: 5:	0.03125
[Distancia Levenshtein Intermedia Con Trie]  -> Tiempo usando quijote_0_500.txt y threshold: 5:	0.03125
[Distancia Levenshtein]                      -> Tiempo usando quijote_0_500.txt y threshold: 10:	0.046875
[Distancia Levenshtein Restringida]          -> Tiempo usando quijote_0_500.txt y threshold: 10:	0.03125
[Distancia Levenshtein Intermedia]           -> Tiempo usando quijote_0_500.txt y threshold: 10:	0.046875
[Distancia Levenshtein Con Trie]             -> Tiempo usando quijote_0_500.txt y threshold: 10:	0.03125
[Distancia Levenshtein Restringida Con Trie] -> Tiempo usando quijote_0_500.txt y threshold: 10:	0.015625
[Distancia Levenshtein Intermedia Con Trie]  -> Tiempo usando quijote_0_500.txt y threshold: 10:	0.046875
[Distancia Levenshtein]                      -> Tiempo usando quijote_0_500.txt y threshold: 20:	0.046875
[Distancia Levenshtein Restringida]          -> Tiempo usando quijote_0_500.txt y threshold: 20:	0.03125
[Distancia Levenshtein Intermedia]           -> Tiempo usando quijote_0_500.txt y threshold: 20:	0.046875
[Distancia Levenshtein Con Trie]             -> Tiempo usando quijote_0_500.txt y threshold: 20:	0.03125
[Distancia Levenshtein Restringida Con Trie] -> Tiempo usando quijote_0_500.txt y threshold: 20:	0.015625
[Distancia Levenshtein Intermedia Con Trie]  -> Tiempo usando quijote_0_500.txt y threshold: 20:	0.046875
----------------------------------------------------------
[Distancia Levenshtein]                      -> Tiempo usando quijote_0_1000.txt y threshold: 1:	0.03125
[Distancia Levenshtein Restringida]          -> Tiempo usando quijote_0_1000.txt y threshold: 1:	0.015625
[Distancia Levenshtein Intermedia]           -> Tiempo usando quijote_0_1000.txt y threshold: 1:	0.0625
[Distancia Levenshtein Con Trie]             -> Tiempo usando quijote_0_1000.txt y threshold: 1:	0.0625
[Distancia Levenshtein Restringida Con Trie] -> Tiempo usando quijote_0_1000.txt y threshold: 1:	0.03125
[Distancia Levenshtein Intermedia Con Trie]  -> Tiempo usando quijote_0_1000.txt y threshold: 1:	0.09375
[Distancia Levenshtein]                      -> Tiempo usando quijote_0_1000.txt y threshold: 2:	0.078125
[Distancia Levenshtein Restringida]          -> Tiempo usando quijote_0_1000.txt y threshold: 2:	0.0625
[Distancia Levenshtein Intermedia]           -> Tiempo usando quijote_0_1000.txt y threshold: 2:	0.0625
[Distancia Levenshtein Con Trie]             -> Tiempo usando quijote_0_1000.txt y threshold: 2:	0.046875
[Distancia Levenshtein Restringida Con Trie] -> Tiempo usando quijote_0_1000.txt y threshold: 2:	0.09375
[Distancia Levenshtein Intermedia Con Trie]  -> Tiempo usando quijote_0_1000.txt y threshold: 2:	0.046875
[Distancia Levenshtein]                      -> Tiempo usando quijote_0_1000.txt y threshold: 3:	0.046875
[Distancia Levenshtein Restringida]          -> Tiempo usando quijote_0_1000.txt y threshold: 3:	0.0625
[Distancia Levenshtein Intermedia]           -> Tiempo usando quijote_0_1000.txt y threshold: 3:	0.078125
[Distancia Levenshtein Con Trie]             -> Tiempo usando quijote_0_1000.txt y threshold: 3:	0.046875
[Distancia Levenshtein Restringida Con Trie] -> Tiempo usando quijote_0_1000.txt y threshold: 3:	0.046875
[Distancia Levenshtein Intermedia Con Trie]  -> Tiempo usando quijote_0_1000.txt y threshold: 3:	0.0625
[Distancia Levenshtein]                      -> Tiempo usando quijote_0_1000.txt y threshold: 5:	0.109375
[Distancia Levenshtein Restringida]          -> Tiempo usando quijote_0_1000.txt y threshold: 5:	0.109375
[Distancia Levenshtein Intermedia]           -> Tiempo usando quijote_0_1000.txt y threshold: 5:	0.15625
[Distancia Levenshtein Con Trie]             -> Tiempo usando quijote_0_1000.txt y threshold: 5:	0.109375
[Distancia Levenshtein Restringida Con Trie] -> Tiempo usando quijote_0_1000.txt y threshold: 5:	0.09375
[Distancia Levenshtein Intermedia Con Trie]  -> Tiempo usando quijote_0_1000.txt y threshold: 5:	0.09375
[Distancia Levenshtein]                      -> Tiempo usando quijote_0_1000.txt y threshold: 10:	0.125
[Distancia Levenshtein Restringida]          -> Tiempo usando quijote_0_1000.txt y threshold: 10:	0.109375
[Distancia Levenshtein Intermedia]           -> Tiempo usando quijote_0_1000.txt y threshold: 10:	0.078125
[Distancia Levenshtein Con Trie]             -> Tiempo usando quijote_0_1000.txt y threshold: 10:	0.0625
[Distancia Levenshtein Restringida Con Trie] -> Tiempo usando quijote_0_1000.txt y threshold: 10:	0.0625
[Distancia Levenshtein Intermedia Con Trie]  -> Tiempo usando quijote_0_1000.txt y threshold: 10:	0.109375
[Distancia Levenshtein]                      -> Tiempo usando quijote_0_1000.txt y threshold: 20:	0.078125
[Distancia Levenshtein Restringida]          -> Tiempo usando quijote_0_1000.txt y threshold: 20:	0.09375
[Distancia Levenshtein Intermedia]           -> Tiempo usando quijote_0_1000.txt y threshold: 20:	0.09375
[Distancia Levenshtein Con Trie]             -> Tiempo usando quijote_0_1000.txt y threshold: 20:	0.046875
[Distancia Levenshtein Restringida Con Trie] -> Tiempo usando quijote_0_1000.txt y threshold: 20:	0.078125
[Distancia Levenshtein Intermedia Con Trie]  -> Tiempo usando quijote_0_1000.txt y threshold: 20:	0.078125
----------------------------------------------------------
