Levenshtein 		 Levenshtein Restringida 		 Levenshtein Intermedia 		 Levenshtein Con Trie 		 Levenshtein Restringida Con Trie 		 Levenshtein Intermedia Con Trie
0.008194966999999997 		 0.00808800799999998 		 0.008270811999999905 		 0.04763560900000008 		 0.05054885000000009 		 0.06205899699999995
0.03720910699999991 		 0.02321893500000005 		 0.0024071539999999114 		 0.003796248000000002 		 0.004126686999999962 		 0.005084273000000028
0.00478746699999999 		 0.004949870999999995 		 0.0050196920000000755 		 0.0038241809999999266 		 0.004125616000000054 		 0.0050927889999999865
0.005732948999999987 		 0.005826443999999986 		 0.0059917859999999434 		 0.003820173000000038 		 0.004114905000000002 		 0.005086927999999991
0.006031067999999973 		 0.006201157000000013 		 0.006355818000000069 		 0.00391004099999992 		 0.004209793000000017 		 0.00517647599999993
----------------------------------------------------------
0.0021286520000001197 		 0.0021599799999998393 		 0.002212117999999874 		 0.022592731999999893 		 0.02401771400000019 		 0.029869485000000084
0.011605189999999821 		 0.011989440000000018 		 0.012288440999999928 		 0.021918528000000048 		 0.024037549999999852 		 0.02953031100000003
0.02451641900000001 		 0.02508412300000007 		 0.025987566999999823 		 0.022033393000000068 		 0.023959123000000027 		 0.02952395699999988
0.03356068500000009 		 0.03460632600000002 		 0.03581142700000006 		 0.022043640000000142 		 0.02400983900000009 		 0.02971929300000009
0.03815553100000013 		 0.039041652999999954 		 0.04033579899999995 		 0.022092412999999977 		 0.024383588000000067 		 0.030062315000000117
----------------------------------------------------------
0.003613615999999986 		 0.0036351560000000838 		 0.003730854999999922 		 0.045802770999999964 		 0.0497422059999999 		 0.062394887999999815
0.021207645000000053 		 0.021695829 		         0.02195899400000001 		 0.04603150400000011 		 0.050167845999999905 		 0.061711209999999905
0.045410955000000364 		 0.04676309300000003 		 0.047912976999999746 		 0.04589709800000019 		 0.050329817999999804 		 0.061839639
0.06689888500000007 		 0.06841583000000018 		 0.0708839779999999 		 0.04598080299999996 		 0.04993269399999978 		 0.06234401599999995
0.08214111499999976 		 0.08438016300000006 		 0.08742969100000009 		 0.04622741699999988 		 0.050370535999999966 		 0.06186523799999977
----------------------------------------------------------
0.022348243000000156 		 0.022377937999999986 		 0.022817212000000087 		 0.8838745110000006 		 0.958608559 		         1.1987980030000003
0.14266284099999993 		 0.14642380399999944 		 0.15000538999999957 		 0.8852836259999997 		 0.965581542999999 		     1.2046204790000008
0.42597052300000016 		 0.43487838700000125 		 0.4481314669999996 		 0.8791726099999995 		 0.9579688179999994 		 1.2095428640000012
0.8680286860000006 		     0.8968289359999986 		 0.9272029529999983 		 0.8758104410000023 		 0.9547975749999971 		 1.1846904820000006
1.6409459759999976 		     1.6940830089999999 		 1.755477398 		         0.8696484160000004 		 0.9481329349999967 		 1.1903054080000004
----------------------------------------------------------
0.024899336000000716 		 0.024404728999996905 		 0.024942178999999953 		 1.0092982709999987 		 1.095312468000003 		     1.3578109420000004
0.15623172500000138 		 0.15994863299999906 		 0.162277078999999 		     1.0085500409999995 		 1.099939483 		         1.3780682319999968
0.46463724299999853 		 0.4765995229999973 		 0.49965365000000617 		 1.005776198999996 		     1.0981279729999969 		 1.3552840950000018
0.9733190820000033 		     0.9954124730000018 		 1.0246287510000016 		 1.0114470319999995 		 1.102604522 		         1.3582835599999967
1.8716115829999964 		     1.9036970560000057 		 1.9701590309999943 		 0.9916502009999988 		 1.0861346109999985 		 1.3633741740000005
----------------------------------------------------------
